Using pre-set license
Built from '2020.3/release' branch; Version is '2020.3.7f1 (dd97f2c94397) revision 14522354'; Using compiler version '192528614'; Build Type 'Release'
OS: 'Windows 10 Home; OS build 19042.1288; Version 2009; 64bit' Language: 'en' Physical Memory: 16233 MB
BatchMode: 1, IsHumanControllingUs: 0, StartBugReporterOnCrash: 0, Is64bit: 1, IsPro: 0

 COMMAND LINE ARGUMENTS:
C:\Program Files\Unity\Hub\Editor\2020.3.7f1\Editor\Unity.exe
-adb2
-batchMode
-noUpm
-name
AssetImportWorker0
-projectPath
C:/Users/mikey/Documents/Ma/Bewijzenmap/X 2/Y 1 (Tower Defense)/BO/TowerDefence/Unity Stuff/Composition (Void Elite)
-logFile
Logs/AssetImportWorker0.log
-srvPort
58683
Successfully changed project path to: C:/Users/mikey/Documents/Ma/Bewijzenmap/X 2/Y 1 (Tower Defense)/BO/TowerDefence/Unity Stuff/Composition (Void Elite)
C:/Users/mikey/Documents/Ma/Bewijzenmap/X 2/Y 1 (Tower Defense)/BO/TowerDefence/Unity Stuff/Composition (Void Elite)
Using Asset Import Pipeline V2.
Refreshing native plugins compatible for Editor in 26.20 ms, found 0 plugins.
Preloading 0 native plugins for Editor in 0.00 ms.
Initialize engine version: 2020.3.7f1 (dd97f2c94397)
[Subsystems] Discovering subsystems at path C:/Program Files/Unity/Hub/Editor/2020.3.7f1/Editor/Data/Resources/UnitySubsystems
[Subsystems] Discovering subsystems at path C:/Users/mikey/Documents/Ma/Bewijzenmap/X 2/Y 1 (Tower Defense)/BO/TowerDefence/Unity Stuff/Composition (Void Elite)/Assets
GfxDevice: creating device client; threaded=0
Direct3D:
    Version:  Direct3D 11.0 [level 11.1]
    Renderer: NVIDIA GeForce GTX 1660 Ti (ID=0x2191)
    Vendor:   
    VRAM:     5991 MB
    Driver:   30.0.14.9613
Initialize mono
Mono path[0] = 'C:/Program Files/Unity/Hub/Editor/2020.3.7f1/Editor/Data/Managed'
Mono path[1] = 'C:/Program Files/Unity/Hub/Editor/2020.3.7f1/Editor/Data/MonoBleedingEdge/lib/mono/unityjit'
Mono config path = 'C:/Program Files/Unity/Hub/Editor/2020.3.7f1/Editor/Data/MonoBleedingEdge/etc'
Using monoOptions --debugger-agent=transport=dt_socket,embedding=1,server=y,suspend=n,address=127.0.0.1:56396
Begin MonoManager ReloadAssembly
Registering precompiled unity dll's ...
Register platform support module: C:/Program Files/Unity/Hub/Editor/2020.3.7f1/Editor/Data/PlaybackEngines/WindowsStandaloneSupport/UnityEditor.WindowsStandalone.Extensions.dll
Registered in 0.002117 seconds.
Native extension for WindowsStandalone target not found
Refreshing native plugins compatible for Editor in 22.82 ms, found 0 plugins.
Preloading 0 native plugins for Editor in 0.00 ms.
Mono: successfully reloaded assembly
- Completed reload, in  1.109 seconds
Platform modules already initialized, skipping
Registering precompiled user dll's ...
Registered in 0.000814 seconds.
Begin MonoManager ReloadAssembly
Native extension for WindowsStandalone target not found
Refreshing native plugins compatible for Editor in 0.20 ms, found 0 plugins.
Preloading 0 native plugins for Editor in 0.00 ms.
Mono: successfully reloaded assembly
- Completed reload, in  0.789 seconds
Platform modules already initialized, skipping
========================================================================
Worker process is ready to serve import requests
Launched and connected shader compiler UnityShaderCompiler.exe after 0.05 seconds
Refreshing native plugins compatible for Editor in 0.22 ms, found 0 plugins.
Preloading 0 native plugins for Editor in 0.00 ms.
Unloading 1149 Unused Serialized files (Serialized files now loaded: 0)
System memory in use before: 132.3 MB.
System memory in use after: 132.4 MB.

Unloading 10 unused Assets to reduce memory usage. Loaded Objects now: 1598.
Total: 1.681800 ms (FindLiveObjects: 0.223300 ms CreateObjectMapping: 0.109700 ms MarkObjects: 1.273000 ms  DeleteObjects: 0.074700 ms)

========================================================================
Received Prepare
Refreshing native plugins compatible for Editor in 0.95 ms, found 0 plugins.
Preloading 0 native plugins for Editor in 0.00 ms.
Unloading 3 Unused Serialized files (Serialized files now loaded: 0)
System memory in use before: 108.0 MB.
System memory in use after: 108.1 MB.

Unloading 3 unused Assets to reduce memory usage. Loaded Objects now: 1598.
Total: 2.726200 ms (FindLiveObjects: 0.163400 ms CreateObjectMapping: 0.031700 ms MarkObjects: 2.478700 ms  DeleteObjects: 0.050800 ms)

========================================================================
Received Import Request.
  path: Assets/Scenes/MainGame.unity
  artifactKey: Guid(9fc0d4010bbf28b4594072e72b8655ab) Importer(815301076,1909f56bfc062723c751e8b465ee728b)
Start importing Assets/Scenes/MainGame.unity using Guid(9fc0d4010bbf28b4594072e72b8655ab) Importer(815301076,1909f56bfc062723c751e8b465ee728b)  -> (artifact id: 'e0f3af52a05b69662623068bb4c61fe3') in 0.017996 seconds
  Import took 0.022642 seconds .

========================================================================
Received Prepare
Registering precompiled user dll's ...
Registered in 0.001011 seconds.
Begin MonoManager ReloadAssembly
Native extension for WindowsStandalone target not found
Refreshing native plugins compatible for Editor in 0.23 ms, found 0 plugins.
Preloading 0 native plugins for Editor in 0.00 ms.
Mono: successfully reloaded assembly
- Completed reload, in  1.329 seconds
Platform modules already initialized, skipping
Refreshing native plugins compatible for Editor in 0.48 ms, found 0 plugins.
Preloading 0 native plugins for Editor in 0.00 ms.
Unloading 1131 Unused Serialized files (Serialized files now loaded: 0)
System memory in use before: 131.0 MB.
System memory in use after: 131.0 MB.

Unloading 5 unused Assets to reduce memory usage. Loaded Objects now: 1601.
Total: 2.951000 ms (FindLiveObjects: 0.227600 ms CreateObjectMapping: 0.082500 ms MarkObjects: 2.518200 ms  DeleteObjects: 0.119600 ms)

========================================================================
Received Import Request.
  Time since last request: 398.962465 seconds.
  path: Assets/Scenes/MainMenu.unity
  artifactKey: Guid(6f80a995501cc2e44baa3aa208cf18ad) Importer(815301076,1909f56bfc062723c751e8b465ee728b)
Start importing Assets/Scenes/MainMenu.unity using Guid(6f80a995501cc2e44baa3aa208cf18ad) Importer(815301076,1909f56bfc062723c751e8b465ee728b)  -> (artifact id: '9405b6b04374008b752316d7d2844408') in 0.018239 seconds
  Import took 0.020223 seconds .

========================================================================
Received Import Request.
  Time since last request: 1.217529 seconds.
  path: Assets/Scenes/MainGame.unity
  artifactKey: Guid(9fc0d4010bbf28b4594072e72b8655ab) Importer(815301076,1909f56bfc062723c751e8b465ee728b)
Start importing Assets/Scenes/MainGame.unity using Guid(9fc0d4010bbf28b4594072e72b8655ab) Importer(815301076,1909f56bfc062723c751e8b465ee728b)  -> (artifact id: '1402699f514b4aa992370339ea147e32') in 0.004816 seconds
  Import took 0.009551 seconds .

========================================================================
Received Prepare
Registering precompiled user dll's ...
Registered in 0.000802 seconds.
Begin MonoManager ReloadAssembly
Native extension for WindowsStandalone target not found
Refreshing native plugins compatible for Editor in 0.31 ms, found 0 plugins.
Preloading 0 native plugins for Editor in 0.00 ms.
Mono: successfully reloaded assembly
- Completed reload, in  1.033 seconds
Platform modules already initialized, skipping
Refreshing native plugins compatible for Editor in 0.22 ms, found 0 plugins.
Preloading 0 native plugins for Editor in 0.00 ms.
Unloading 1131 Unused Serialized files (Serialized files now loaded: 0)
System memory in use before: 131.0 MB.
System memory in use after: 131.1 MB.

Unloading 5 unused Assets to reduce memory usage. Loaded Objects now: 1604.
Total: 1.707300 ms (FindLiveObjects: 0.212000 ms CreateObjectMapping: 0.051400 ms MarkObjects: 1.371500 ms  DeleteObjects: 0.070700 ms)

========================================================================
Received Prepare
Registering precompiled user dll's ...
Registered in 0.000640 seconds.
Begin MonoManager ReloadAssembly
Native extension for WindowsStandalone target not found
Refreshing native plugins compatible for Editor in 0.30 ms, found 0 plugins.
Preloading 0 native plugins for Editor in 0.00 ms.
Mono: successfully reloaded assembly
- Completed reload, in  0.810 seconds
Platform modules already initialized, skipping
Refreshing native plugins compatible for Editor in 0.22 ms, found 0 plugins.
Preloading 0 native plugins for Editor in 0.00 ms.
Unloading 1131 Unused Serialized files (Serialized files now loaded: 0)
System memory in use before: 131.0 MB.
System memory in use after: 131.1 MB.

Unloading 5 unused Assets to reduce memory usage. Loaded Objects now: 1607.
Total: 1.660900 ms (FindLiveObjects: 0.134700 ms CreateObjectMapping: 0.042700 ms MarkObjects: 1.417000 ms  DeleteObjects: 0.065500 ms)

========================================================================
Received Prepare
Refreshing native plugins compatible for Editor in 1.09 ms, found 0 plugins.
Preloading 0 native plugins for Editor in 0.00 ms.
Unloading 3 Unused Serialized files (Serialized files now loaded: 0)
System memory in use before: 108.2 MB.
System memory in use after: 108.3 MB.

Unloading 3 unused Assets to reduce memory usage. Loaded Objects now: 1607.
Total: 4.064000 ms (FindLiveObjects: 0.148400 ms CreateObjectMapping: 0.036600 ms MarkObjects: 3.794100 ms  DeleteObjects: 0.083000 ms)

AssetImportWorkerClient::OnTransportError - code=2 error=End of file
