Using pre-set license
Built from '2020.3/release' branch; Version is '2020.3.7f1 (dd97f2c94397) revision 14522354'; Using compiler version '192528614'; Build Type 'Release'
OS: 'Windows 10 Home; OS build 19042.1288; Version 2009; 64bit' Language: 'en' Physical Memory: 16233 MB
BatchMode: 1, IsHumanControllingUs: 0, StartBugReporterOnCrash: 0, Is64bit: 1, IsPro: 0

 COMMAND LINE ARGUMENTS:
C:\Program Files\Unity\Hub\Editor\2020.3.7f1\Editor\Unity.exe
-adb2
-batchMode
-noUpm
-name
AssetImportWorker0
-projectPath
C:/Users/mikey/Documents/Ma/Bewijzenmap/X 2/Y 1 (Tower Defense)/BO/TowerDefence/Unity Stuff/Sentry Nodes
-logFile
Logs/AssetImportWorker0.log
-srvPort
56431
Successfully changed project path to: C:/Users/mikey/Documents/Ma/Bewijzenmap/X 2/Y 1 (Tower Defense)/BO/TowerDefence/Unity Stuff/Sentry Nodes
C:/Users/mikey/Documents/Ma/Bewijzenmap/X 2/Y 1 (Tower Defense)/BO/TowerDefence/Unity Stuff/Sentry Nodes
Using Asset Import Pipeline V2.
Refreshing native plugins compatible for Editor in 36.02 ms, found 1 plugins.
Preloading 0 native plugins for Editor in 0.00 ms.
Initialize engine version: 2020.3.7f1 (dd97f2c94397)
[Subsystems] Discovering subsystems at path C:/Program Files/Unity/Hub/Editor/2020.3.7f1/Editor/Data/Resources/UnitySubsystems
[Subsystems] Discovering subsystems at path C:/Users/mikey/Documents/Ma/Bewijzenmap/X 2/Y 1 (Tower Defense)/BO/TowerDefence/Unity Stuff/Sentry Nodes/Assets
GfxDevice: creating device client; threaded=0
Direct3D:
    Version:  Direct3D 11.0 [level 11.1]
    Renderer: NVIDIA GeForce GTX 1660 Ti (ID=0x2191)
    Vendor:   
    VRAM:     5991 MB
    Driver:   30.0.14.9613
Initialize mono
Mono path[0] = 'C:/Program Files/Unity/Hub/Editor/2020.3.7f1/Editor/Data/Managed'
Mono path[1] = 'C:/Program Files/Unity/Hub/Editor/2020.3.7f1/Editor/Data/MonoBleedingEdge/lib/mono/unityjit'
Mono config path = 'C:/Program Files/Unity/Hub/Editor/2020.3.7f1/Editor/Data/MonoBleedingEdge/etc'
Using monoOptions --debugger-agent=transport=dt_socket,embedding=1,server=y,suspend=n,address=127.0.0.1:56044
Begin MonoManager ReloadAssembly
Registering precompiled unity dll's ...
Register platform support module: C:/Program Files/Unity/Hub/Editor/2020.3.7f1/Editor/Data/PlaybackEngines/WindowsStandaloneSupport/UnityEditor.WindowsStandalone.Extensions.dll
Registered in 0.002000 seconds.
Native extension for WindowsStandalone target not found
Refreshing native plugins compatible for Editor in 35.15 ms, found 1 plugins.
Preloading 0 native plugins for Editor in 0.00 ms.
Mono: successfully reloaded assembly
- Completed reload, in  1.124 seconds
Platform modules already initialized, skipping
Registering precompiled user dll's ...
Registered in 0.000931 seconds.
Begin MonoManager ReloadAssembly
Native extension for WindowsStandalone target not found
Refreshing native plugins compatible for Editor in 36.72 ms, found 1 plugins.
Preloading 0 native plugins for Editor in 0.00 ms.
Mono: successfully reloaded assembly
- Completed reload, in  0.986 seconds
Platform modules already initialized, skipping
========================================================================
Worker process is ready to serve import requests
Launched and connected shader compiler UnityShaderCompiler.exe after 0.11 seconds
Refreshing native plugins compatible for Editor in 0.55 ms, found 1 plugins.
Preloading 0 native plugins for Editor in 0.00 ms.
Unloading 1814 Unused Serialized files (Serialized files now loaded: 0)
System memory in use before: 85.7 MB.
System memory in use after: 85.7 MB.

Unloading 24 unused Assets to reduce memory usage. Loaded Objects now: 2257.
Total: 3.084800 ms (FindLiveObjects: 0.289400 ms CreateObjectMapping: 0.116800 ms MarkObjects: 2.511700 ms  DeleteObjects: 0.165900 ms)

========================================================================
Received Import Request.
  path: Assets/Prefabs/Robo.prefab
  artifactKey: Guid(3c7351ec9017f814fa75199656c30197) Importer(815301076,1909f56bfc062723c751e8b465ee728b)
Start importing Assets/Prefabs/Robo.prefab using Guid(3c7351ec9017f814fa75199656c30197) Importer(815301076,1909f56bfc062723c751e8b465ee728b)  -> (artifact id: '719fc4c796287c5abbbdbb72aa2c3f0b') in 0.145382 seconds
  Import took 0.149929 seconds .

========================================================================
Received Import Request.
  Time since last request: 136.750477 seconds.
  path: Assets/Scripts/EnemyMovement.cs
  artifactKey: Guid(496bf57749ca22746a17629af40552eb) Importer(815301076,1909f56bfc062723c751e8b465ee728b)
Start importing Assets/Scripts/EnemyMovement.cs using Guid(496bf57749ca22746a17629af40552eb) Importer(815301076,1909f56bfc062723c751e8b465ee728b)  -> (artifact id: 'b0ca9ef4e5f0eca2f0a974af5a0c94f3') in 0.021098 seconds
  Import took 0.024730 seconds .

========================================================================
Received Import Request.
  Time since last request: 1.065922 seconds.
  path: Assets/Scripts/ClickSpawn.cs
  artifactKey: Guid(912b34be150a64242b4ac808bf1fdf2c) Importer(815301076,1909f56bfc062723c751e8b465ee728b)
Start importing Assets/Scripts/ClickSpawn.cs using Guid(912b34be150a64242b4ac808bf1fdf2c) Importer(815301076,1909f56bfc062723c751e8b465ee728b)  -> (artifact id: 'aa0cb6644d1d87374682cc55cb080c65') in 0.009944 seconds
  Import took 0.013416 seconds .

========================================================================
Received Import Request.
  Time since last request: 0.458802 seconds.
  path: Assets/Scripts/Clicking.cs
  artifactKey: Guid(701555be7f0849c44b06dd952703baaa) Importer(815301076,1909f56bfc062723c751e8b465ee728b)
Start importing Assets/Scripts/Clicking.cs using Guid(701555be7f0849c44b06dd952703baaa) Importer(815301076,1909f56bfc062723c751e8b465ee728b)  -> (artifact id: '5422d371128bc7463c1e4c8000838ded') in 0.008432 seconds
  Import took 0.011602 seconds .

========================================================================
Received Import Request.
  Time since last request: 0.500062 seconds.
  path: Assets/Scripts/Base.cs
  artifactKey: Guid(6a39b4f8cd1e1f24cafffb72d51a2375) Importer(815301076,1909f56bfc062723c751e8b465ee728b)
Start importing Assets/Scripts/Base.cs using Guid(6a39b4f8cd1e1f24cafffb72d51a2375) Importer(815301076,1909f56bfc062723c751e8b465ee728b)  -> (artifact id: 'ca05c10c171c4f280df997712e566262') in 0.011135 seconds
  Import took 0.013986 seconds .

========================================================================
Received Prepare
Registering precompiled user dll's ...
Registered in 0.002549 seconds.
Begin MonoManager ReloadAssembly
Native extension for WindowsStandalone target not found
Refreshing native plugins compatible for Editor in 0.32 ms, found 1 plugins.
Preloading 0 native plugins for Editor in 0.00 ms.
Mono: successfully reloaded assembly
- Completed reload, in  0.888 seconds
Platform modules already initialized, skipping
Refreshing native plugins compatible for Editor in 0.43 ms, found 1 plugins.
Preloading 0 native plugins for Editor in 0.00 ms.
Unloading 1809 Unused Serialized files (Serialized files now loaded: 0)
System memory in use before: 88.8 MB.
System memory in use after: 88.8 MB.

Unloading 12 unused Assets to reduce memory usage. Loaded Objects now: 2268.
Total: 2.026800 ms (FindLiveObjects: 0.199100 ms CreateObjectMapping: 0.082100 ms MarkObjects: 1.620800 ms  DeleteObjects: 0.123500 ms)

AssetImportWorkerClient::OnTransportError - code=2 error=End of file
